<?xml version="1.0" encoding="UTF-8"?>
<!-- Generated by org.testng.reporters.JUnitXMLReporter -->
<testsuite ignored="6" hostname="DESKTOP-B1H8LCA" failures="0" tests="1" name="Default test" time="15.29" errors="0" timestamp="2024-02-02T23:55:07 BDT">
  <testcase classname="HomePage.homePage" name="footerRULlogo" time="8.146"/>
  <testcase classname="HomePage.homePage" name="footerMail" time="0.0">
    <ignored/>
  </testcase> <!-- footerMail -->
  <testcase classname="HomePage.homePage" name="homeContainer" time="0.0">
    <ignored/>
  </testcase> <!-- homeContainer -->
  <testcase classname="HomePage.homePage" name="titleAndLogoAssert" time="0.0">
    <ignored/>
  </testcase> <!-- titleAndLogoAssert -->
  <testcase classname="HomePage.homePage" name="footer" time="0.0">
    <ignored/>
  </testcase> <!-- footer -->
  <testcase classname="HomePage.homePage" name="homePageCategory" time="0.0">
    <ignored/>
  </testcase> <!-- homePageCategory -->
  <testcase classname="HomePage.homePage" name="navigation" time="0.0">
    <ignored/>
  </testcase> <!-- navigation -->
</testsuite> <!-- Default test -->
