<?xml version="1.0" encoding="UTF-8"?>
<!-- Generated by org.testng.reporters.JUnitXMLReporter -->
<testsuite ignored="0" hostname="DESKTOP-B1H8LCA" failures="0" tests="5" name="Default test" time="141.12" errors="0" timestamp="2024-01-27T17:05:57 BDT">
  <testcase classname="HomePage.homePage" name="titleAndLogoAssert" time="0.079"/>
  <testcase classname="HomePage.homePage" name="navigation" time="11.985"/>
  <testcase classname="HomePage.homePage" name="footer" time="73.922"/>
  <testcase classname="HomePage.homePage" name="footerMail" time="8.191"/>
  <testcase classname="HomePage.homePage" name="footerRULlogo" time="8.259"/>
</testsuite> <!-- Default test -->
