<?xml version="1.0" encoding="UTF-8"?>
<!-- Generated by org.testng.reporters.JUnitXMLReporter -->
<testsuite ignored="0" hostname="DESKTOP-B1H8LCA" failures="0" tests="3" name="Test" time="47.213" errors="0" timestamp="2024-01-27T00:40:01 BDT">
  <testcase classname="HomePage.homePage" name="titleAndLogoAssert" time="0.108"/>
  <testcase classname="SignIn_Login.signIn" name="invalid_id_pass" time="11.605"/>
  <testcase classname="SignIn_Login.signIn" name="invalid_pass" time="11.574"/>
</testsuite> <!-- Test -->
