<?xml version="1.0" encoding="UTF-8"?>
<testng-results ignored="6" total="7" passed="1" failed="0" skipped="0">
  <reporter-output>
  </reporter-output>
  <suite started-at="2024-02-02T23:54:52 BDT" name="Default suite" finished-at="2024-02-02T23:55:07 BDT" duration-ms="15290">
    <groups>
    </groups>
    <test started-at="2024-02-02T23:54:52 BDT" name="Default test" finished-at="2024-02-02T23:55:07 BDT" duration-ms="15290">
      <class name="HomePage.homePage">
        <test-method is-config="true" signature="Browser()[pri:0, instance:HomePage.homePage@6d763516]" started-at="2024-02-02T23:54:52 BDT" name="Browser" finished-at="2024-02-02T23:54:59 BDT" duration-ms="7049" status="PASS">
          <reporter-output>
          </reporter-output>
        </test-method> <!-- Browser -->
        <test-method signature="footerRULlogo()[pri:7, instance:HomePage.homePage@6d763516]" started-at="2024-02-02T23:54:59 BDT" name="footerRULlogo" finished-at="2024-02-02T23:55:07 BDT" duration-ms="8146" status="PASS">
          <reporter-output>
          </reporter-output>
        </test-method> <!-- footerRULlogo -->
        <test-method is-config="true" signature="tearDown()[pri:0, instance:HomePage.homePage@6d763516]" started-at="2024-02-02T23:55:07 BDT" name="tearDown" finished-at="2024-02-02T23:55:07 BDT" duration-ms="65" status="PASS">
          <reporter-output>
          </reporter-output>
        </test-method> <!-- tearDown -->
      </class> <!-- HomePage.homePage -->
    </test> <!-- Default test -->
  </suite> <!-- Default suite -->
</testng-results>
